15:06:05.261 [main] ERROR org.apache.poi.openxml4j.opc.internal.ZipContentTypeManager - Cannot write: [Content_Types].xml in Zip !
java.io.IOException: Stream Closed
	at java.io.FileOutputStream.writeBytes(Native Method) ~[?:?]
	at java.io.FileOutputStream.write(FileOutputStream.java:349) ~[?:?]
	at org.apache.commons.compress.archivers.zip.StreamCompressor$OutputStreamCompressor.writeOut(StreamCompressor.java:306) ~[commons-compress-1.21.jar:1.21]
	at org.apache.commons.compress.archivers.zip.StreamCompressor.writeCounted(StreamCompressor.java:273) ~[commons-compress-1.21.jar:1.21]
	at org.apache.commons.compress.archivers.zip.StreamCompressor.writeCounted(StreamCompressor.java:269) ~[commons-compress-1.21.jar:1.21]
	at org.apache.commons.compress.archivers.zip.ZipArchiveOutputStream.writeCounted(ZipArchiveOutputStream.java:1060) ~[commons-compress-1.21.jar:1.21]
	at org.apache.commons.compress.archivers.zip.ZipArchiveOutputStream.writeLocalFileHeader(ZipArchiveOutputStream.java:1175) ~[commons-compress-1.21.jar:1.21]
	at org.apache.commons.compress.archivers.zip.ZipArchiveOutputStream.putArchiveEntry(ZipArchiveOutputStream.java:881) ~[commons-compress-1.21.jar:1.21]
	at org.apache.commons.compress.archivers.zip.ZipArchiveOutputStream.putArchiveEntry(ZipArchiveOutputStream.java:821) ~[commons-compress-1.21.jar:1.21]
	at org.apache.poi.openxml4j.opc.internal.ZipContentTypeManager.saveImpl(ZipContentTypeManager.java:65) ~[poi-ooxml-5.2.3.jar:5.2.3]
	at org.apache.poi.openxml4j.opc.internal.ContentTypeManager.save(ContentTypeManager.java:450) ~[poi-ooxml-5.2.3.jar:5.2.3]
	at org.apache.poi.openxml4j.opc.ZipPackage.saveImpl(ZipPackage.java:563) ~[poi-ooxml-5.2.3.jar:5.2.3]
	at org.apache.poi.openxml4j.opc.OPCPackage.save(OPCPackage.java:1496) ~[poi-ooxml-5.2.3.jar:5.2.3]
	at org.apache.poi.ooxml.POIXMLDocument.write(POIXMLDocument.java:227) ~[poi-ooxml-5.2.3.jar:5.2.3]
	at utilities.ExcelUtility.fillRedColor(ExcelUtility.java:147) ~[classes/:?]
	at testBase.BaseClass.fillExcelSheet(BaseClass.java:106) ~[classes/:?]
	at testBase.CopyWorkItems.createBug(CopyWorkItems.java:50) ~[classes/:?]
	at jdk.internal.reflect.NativeMethodAccessorImpl.invoke0(Native Method) ~[?:?]
	at jdk.internal.reflect.NativeMethodAccessorImpl.invoke(NativeMethodAccessorImpl.java:77) ~[?:?]
	at jdk.internal.reflect.DelegatingMethodAccessorImpl.invoke(DelegatingMethodAccessorImpl.java:43) ~[?:?]
	at java.lang.reflect.Method.invoke(Method.java:568) ~[?:?]
	at org.testng.internal.MethodInvocationHelper.invokeMethod(MethodInvocationHelper.java:133) ~[org.testng_7.4.0.r202105021533.jar:7.4.0]
	at org.testng.internal.TestInvoker.invokeMethod(TestInvoker.java:598) ~[org.testng_7.4.0.r202105021533.jar:7.4.0]
	at org.testng.internal.TestInvoker.invokeTestMethod(TestInvoker.java:173) ~[org.testng_7.4.0.r202105021533.jar:7.4.0]
	at org.testng.internal.MethodRunner.runInSequence(MethodRunner.java:46) ~[org.testng_7.4.0.r202105021533.jar:7.4.0]
	at org.testng.internal.TestInvoker$MethodInvocationAgent.invoke(TestInvoker.java:824) ~[org.testng_7.4.0.r202105021533.jar:7.4.0]
	at org.testng.internal.TestInvoker.invokeTestMethods(TestInvoker.java:146) ~[org.testng_7.4.0.r202105021533.jar:7.4.0]
	at org.testng.internal.TestMethodWorker.invokeTestMethods(TestMethodWorker.java:146) ~[org.testng_7.4.0.r202105021533.jar:7.4.0]
	at org.testng.internal.TestMethodWorker.run(TestMethodWorker.java:128) ~[org.testng_7.4.0.r202105021533.jar:7.4.0]
	at java.util.ArrayList.forEach(ArrayList.java:1511) [?:?]
	at org.testng.TestRunner.privateRun(TestRunner.java:794) [org.testng_7.4.0.r202105021533.jar:7.4.0]
	at org.testng.TestRunner.run(TestRunner.java:596) [org.testng_7.4.0.r202105021533.jar:7.4.0]
	at org.testng.SuiteRunner.runTest(SuiteRunner.java:377) [org.testng_7.4.0.r202105021533.jar:7.4.0]
	at org.testng.SuiteRunner.runSequentially(SuiteRunner.java:371) [org.testng_7.4.0.r202105021533.jar:7.4.0]
	at org.testng.SuiteRunner.privateRun(SuiteRunner.java:332) [org.testng_7.4.0.r202105021533.jar:7.4.0]
	at org.testng.SuiteRunner.run(SuiteRunner.java:276) [org.testng_7.4.0.r202105021533.jar:7.4.0]
	at org.testng.SuiteRunnerWorker.runSuite(SuiteRunnerWorker.java:53) [org.testng_7.4.0.r202105021533.jar:7.4.0]
	at org.testng.SuiteRunnerWorker.run(SuiteRunnerWorker.java:96) [org.testng_7.4.0.r202105021533.jar:7.4.0]
	at org.testng.TestNG.runSuitesSequentially(TestNG.java:1212) [org.testng_7.4.0.r202105021533.jar:7.4.0]
	at org.testng.TestNG.runSuitesLocally(TestNG.java:1134) [org.testng_7.4.0.r202105021533.jar:7.4.0]
	at org.testng.TestNG.runSuites(TestNG.java:1063) [org.testng_7.4.0.r202105021533.jar:7.4.0]
	at org.testng.TestNG.run(TestNG.java:1031) [org.testng_7.4.0.r202105021533.jar:7.4.0]
	at org.testng.remote.AbstractRemoteTestNG.run(AbstractRemoteTestNG.java:115) [testng-remote.jar:?]
	at org.testng.remote.RemoteTestNG.initAndRun(RemoteTestNG.java:251) [testng-remote.jar:?]
	at org.testng.remote.RemoteTestNG.main(RemoteTestNG.java:77) [testng-remote.jar:?]
15:06:05.275 [main] ERROR org.apache.poi.openxml4j.opc.internal.marshallers.ZipPartMarshaller - Cannot create zip entry /_rels/.rels
java.io.IOException: Stream Closed
	at java.io.FileOutputStream.writeBytes(Native Method) ~[?:?]
	at java.io.FileOutputStream.write(FileOutputStream.java:349) ~[?:?]
	at org.apache.commons.compress.archivers.zip.StreamCompressor$OutputStreamCompressor.writeOut(StreamCompressor.java:306) ~[commons-compress-1.21.jar:1.21]
	at org.apache.commons.compress.archivers.zip.StreamCompressor.writeCounted(StreamCompressor.java:273) ~[commons-compress-1.21.jar:1.21]
	at org.apache.commons.compress.archivers.zip.StreamCompressor.deflate(StreamCompressor.java:264) ~[commons-compress-1.21.jar:1.21]
	at org.apache.commons.compress.archivers.zip.StreamCompressor.flushDeflater(StreamCompressor.java:229) ~[commons-compress-1.21.jar:1.21]
	at org.apache.commons.compress.archivers.zip.ZipArchiveOutputStream.flushDeflater(ZipArchiveOutputStream.java:690) ~[commons-compress-1.21.jar:1.21]
	at org.apache.commons.compress.archivers.zip.ZipArchiveOutputStream.closeArchiveEntry(ZipArchiveOutputStream.java:601) ~[commons-compress-1.21.jar:1.21]
	at org.apache.commons.compress.archivers.zip.ZipArchiveOutputStream.putArchiveEntry(ZipArchiveOutputStream.java:842) ~[commons-compress-1.21.jar:1.21]
	at org.apache.commons.compress.archivers.zip.ZipArchiveOutputStream.putArchiveEntry(ZipArchiveOutputStream.java:821) ~[commons-compress-1.21.jar:1.21]
	at org.apache.poi.openxml4j.opc.internal.marshallers.ZipPartMarshaller.marshallRelationshipPart(ZipPartMarshaller.java:181) ~[poi-ooxml-5.2.3.jar:5.2.3]
	at org.apache.poi.openxml4j.opc.ZipPackage.saveImpl(ZipPackage.java:567) ~[poi-ooxml-5.2.3.jar:5.2.3]
	at org.apache.poi.openxml4j.opc.OPCPackage.save(OPCPackage.java:1496) ~[poi-ooxml-5.2.3.jar:5.2.3]
	at org.apache.poi.ooxml.POIXMLDocument.write(POIXMLDocument.java:227) ~[poi-ooxml-5.2.3.jar:5.2.3]
	at utilities.ExcelUtility.fillRedColor(ExcelUtility.java:147) ~[classes/:?]
	at testBase.BaseClass.fillExcelSheet(BaseClass.java:106) ~[classes/:?]
	at testBase.CopyWorkItems.createBug(CopyWorkItems.java:50) ~[classes/:?]
	at jdk.internal.reflect.NativeMethodAccessorImpl.invoke0(Native Method) ~[?:?]
	at jdk.internal.reflect.NativeMethodAccessorImpl.invoke(NativeMethodAccessorImpl.java:77) ~[?:?]
	at jdk.internal.reflect.DelegatingMethodAccessorImpl.invoke(DelegatingMethodAccessorImpl.java:43) ~[?:?]
	at java.lang.reflect.Method.invoke(Method.java:568) ~[?:?]
	at org.testng.internal.MethodInvocationHelper.invokeMethod(MethodInvocationHelper.java:133) ~[org.testng_7.4.0.r202105021533.jar:7.4.0]
	at org.testng.internal.TestInvoker.invokeMethod(TestInvoker.java:598) ~[org.testng_7.4.0.r202105021533.jar:7.4.0]
	at org.testng.internal.TestInvoker.invokeTestMethod(TestInvoker.java:173) ~[org.testng_7.4.0.r202105021533.jar:7.4.0]
	at org.testng.internal.MethodRunner.runInSequence(MethodRunner.java:46) ~[org.testng_7.4.0.r202105021533.jar:7.4.0]
	at org.testng.internal.TestInvoker$MethodInvocationAgent.invoke(TestInvoker.java:824) ~[org.testng_7.4.0.r202105021533.jar:7.4.0]
	at org.testng.internal.TestInvoker.invokeTestMethods(TestInvoker.java:146) ~[org.testng_7.4.0.r202105021533.jar:7.4.0]
	at org.testng.internal.TestMethodWorker.invokeTestMethods(TestMethodWorker.java:146) ~[org.testng_7.4.0.r202105021533.jar:7.4.0]
	at org.testng.internal.TestMethodWorker.run(TestMethodWorker.java:128) ~[org.testng_7.4.0.r202105021533.jar:7.4.0]
	at java.util.ArrayList.forEach(ArrayList.java:1511) [?:?]
	at org.testng.TestRunner.privateRun(TestRunner.java:794) [org.testng_7.4.0.r202105021533.jar:7.4.0]
	at org.testng.TestRunner.run(TestRunner.java:596) [org.testng_7.4.0.r202105021533.jar:7.4.0]
	at org.testng.SuiteRunner.runTest(SuiteRunner.java:377) [org.testng_7.4.0.r202105021533.jar:7.4.0]
	at org.testng.SuiteRunner.runSequentially(SuiteRunner.java:371) [org.testng_7.4.0.r202105021533.jar:7.4.0]
	at org.testng.SuiteRunner.privateRun(SuiteRunner.java:332) [org.testng_7.4.0.r202105021533.jar:7.4.0]
	at org.testng.SuiteRunner.run(SuiteRunner.java:276) [org.testng_7.4.0.r202105021533.jar:7.4.0]
	at org.testng.SuiteRunnerWorker.runSuite(SuiteRunnerWorker.java:53) [org.testng_7.4.0.r202105021533.jar:7.4.0]
	at org.testng.SuiteRunnerWorker.run(SuiteRunnerWorker.java:96) [org.testng_7.4.0.r202105021533.jar:7.4.0]
	at org.testng.TestNG.runSuitesSequentially(TestNG.java:1212) [org.testng_7.4.0.r202105021533.jar:7.4.0]
	at org.testng.TestNG.runSuitesLocally(TestNG.java:1134) [org.testng_7.4.0.r202105021533.jar:7.4.0]
	at org.testng.TestNG.runSuites(TestNG.java:1063) [org.testng_7.4.0.r202105021533.jar:7.4.0]
	at org.testng.TestNG.run(TestNG.java:1031) [org.testng_7.4.0.r202105021533.jar:7.4.0]
	at org.testng.remote.AbstractRemoteTestNG.run(AbstractRemoteTestNG.java:115) [testng-remote.jar:?]
	at org.testng.remote.RemoteTestNG.initAndRun(RemoteTestNG.java:251) [testng-remote.jar:?]
	at org.testng.remote.RemoteTestNG.main(RemoteTestNG.java:77) [testng-remote.jar:?]
15:06:05.276 [main] ERROR org.apache.poi.openxml4j.opc.internal.marshallers.ZipPartMarshaller - Cannot write: /docProps/app.xml: in ZIP
java.io.IOException: Stream Closed
	at java.io.FileOutputStream.writeBytes(Native Method) ~[?:?]
	at java.io.FileOutputStream.write(FileOutputStream.java:349) ~[?:?]
	at org.apache.commons.compress.archivers.zip.StreamCompressor$OutputStreamCompressor.writeOut(StreamCompressor.java:306) ~[commons-compress-1.21.jar:1.21]
	at org.apache.commons.compress.archivers.zip.StreamCompressor.writeCounted(StreamCompressor.java:273) ~[commons-compress-1.21.jar:1.21]
	at org.apache.commons.compress.archivers.zip.StreamCompressor.writeCounted(StreamCompressor.java:269) ~[commons-compress-1.21.jar:1.21]
	at org.apache.commons.compress.archivers.zip.ZipArchiveOutputStream.writeCounted(ZipArchiveOutputStream.java:1060) ~[commons-compress-1.21.jar:1.21]
	at org.apache.commons.compress.archivers.zip.ZipArchiveOutputStream.writeDataDescriptor(ZipArchiveOutputStream.java:1312) ~[commons-compress-1.21.jar:1.21]
	at org.apache.commons.compress.archivers.zip.ZipArchiveOutputStream.closeEntry(ZipArchiveOutputStream.java:636) ~[commons-compress-1.21.jar:1.21]
	at org.apache.commons.compress.archivers.zip.ZipArchiveOutputStream.closeArchiveEntry(ZipArchiveOutputStream.java:608) ~[commons-compress-1.21.jar:1.21]
	at org.apache.commons.compress.archivers.zip.ZipArchiveOutputStream.putArchiveEntry(ZipArchiveOutputStream.java:842) ~[commons-compress-1.21.jar:1.21]
	at org.apache.commons.compress.archivers.zip.ZipArchiveOutputStream.putArchiveEntry(ZipArchiveOutputStream.java:821) ~[commons-compress-1.21.jar:1.21]
	at org.apache.poi.openxml4j.opc.internal.marshallers.ZipPartMarshaller.marshall(ZipPartMarshaller.java:85) ~[poi-ooxml-5.2.3.jar:5.2.3]
	at org.apache.poi.openxml4j.opc.internal.MemoryPackagePart.save(MemoryPackagePart.java:111) ~[poi-ooxml-5.2.3.jar:5.2.3]
	at org.apache.poi.openxml4j.opc.internal.marshallers.DefaultMarshaller.marshall(DefaultMarshaller.java:46) ~[poi-ooxml-5.2.3.jar:5.2.3]
	at org.apache.poi.openxml4j.opc.ZipPackage.saveImpl(ZipPackage.java:584) ~[poi-ooxml-5.2.3.jar:5.2.3]
	at org.apache.poi.openxml4j.opc.OPCPackage.save(OPCPackage.java:1496) ~[poi-ooxml-5.2.3.jar:5.2.3]
	at org.apache.poi.ooxml.POIXMLDocument.write(POIXMLDocument.java:227) ~[poi-ooxml-5.2.3.jar:5.2.3]
	at utilities.ExcelUtility.fillRedColor(ExcelUtility.java:147) ~[classes/:?]
	at testBase.BaseClass.fillExcelSheet(BaseClass.java:106) ~[classes/:?]
	at testBase.CopyWorkItems.createBug(CopyWorkItems.java:50) ~[classes/:?]
	at jdk.internal.reflect.NativeMethodAccessorImpl.invoke0(Native Method) ~[?:?]
	at jdk.internal.reflect.NativeMethodAccessorImpl.invoke(NativeMethodAccessorImpl.java:77) ~[?:?]
	at jdk.internal.reflect.DelegatingMethodAccessorImpl.invoke(DelegatingMethodAccessorImpl.java:43) ~[?:?]
	at java.lang.reflect.Method.invoke(Method.java:568) ~[?:?]
	at org.testng.internal.MethodInvocationHelper.invokeMethod(MethodInvocationHelper.java:133) ~[org.testng_7.4.0.r202105021533.jar:7.4.0]
	at org.testng.internal.TestInvoker.invokeMethod(TestInvoker.java:598) ~[org.testng_7.4.0.r202105021533.jar:7.4.0]
	at org.testng.internal.TestInvoker.invokeTestMethod(TestInvoker.java:173) ~[org.testng_7.4.0.r202105021533.jar:7.4.0]
	at org.testng.internal.MethodRunner.runInSequence(MethodRunner.java:46) ~[org.testng_7.4.0.r202105021533.jar:7.4.0]
	at org.testng.internal.TestInvoker$MethodInvocationAgent.invoke(TestInvoker.java:824) ~[org.testng_7.4.0.r202105021533.jar:7.4.0]
	at org.testng.internal.TestInvoker.invokeTestMethods(TestInvoker.java:146) ~[org.testng_7.4.0.r202105021533.jar:7.4.0]
	at org.testng.internal.TestMethodWorker.invokeTestMethods(TestMethodWorker.java:146) ~[org.testng_7.4.0.r202105021533.jar:7.4.0]
	at org.testng.internal.TestMethodWorker.run(TestMethodWorker.java:128) ~[org.testng_7.4.0.r202105021533.jar:7.4.0]
	at java.util.ArrayList.forEach(ArrayList.java:1511) [?:?]
	at org.testng.TestRunner.privateRun(TestRunner.java:794) [org.testng_7.4.0.r202105021533.jar:7.4.0]
	at org.testng.TestRunner.run(TestRunner.java:596) [org.testng_7.4.0.r202105021533.jar:7.4.0]
	at org.testng.SuiteRunner.runTest(SuiteRunner.java:377) [org.testng_7.4.0.r202105021533.jar:7.4.0]
	at org.testng.SuiteRunner.runSequentially(SuiteRunner.java:371) [org.testng_7.4.0.r202105021533.jar:7.4.0]
	at org.testng.SuiteRunner.privateRun(SuiteRunner.java:332) [org.testng_7.4.0.r202105021533.jar:7.4.0]
	at org.testng.SuiteRunner.run(SuiteRunner.java:276) [org.testng_7.4.0.r202105021533.jar:7.4.0]
	at org.testng.SuiteRunnerWorker.runSuite(SuiteRunnerWorker.java:53) [org.testng_7.4.0.r202105021533.jar:7.4.0]
	at org.testng.SuiteRunnerWorker.run(SuiteRunnerWorker.java:96) [org.testng_7.4.0.r202105021533.jar:7.4.0]
	at org.testng.TestNG.runSuitesSequentially(TestNG.java:1212) [org.testng_7.4.0.r202105021533.jar:7.4.0]
	at org.testng.TestNG.runSuitesLocally(TestNG.java:1134) [org.testng_7.4.0.r202105021533.jar:7.4.0]
	at org.testng.TestNG.runSuites(TestNG.java:1063) [org.testng_7.4.0.r202105021533.jar:7.4.0]
	at org.testng.TestNG.run(TestNG.java:1031) [org.testng_7.4.0.r202105021533.jar:7.4.0]
	at org.testng.remote.AbstractRemoteTestNG.run(AbstractRemoteTestNG.java:115) [testng-remote.jar:?]
	at org.testng.remote.RemoteTestNG.initAndRun(RemoteTestNG.java:251) [testng-remote.jar:?]
	at org.testng.remote.RemoteTestNG.main(RemoteTestNG.java:77) [testng-remote.jar:?]
15:12:39.120 [main] ERROR org.apache.poi.openxml4j.opc.internal.ZipContentTypeManager - Cannot write: [Content_Types].xml in Zip !
java.io.IOException: Stream Closed
	at java.io.FileOutputStream.writeBytes(Native Method) ~[?:?]
	at java.io.FileOutputStream.write(FileOutputStream.java:349) ~[?:?]
	at org.apache.commons.compress.archivers.zip.StreamCompressor$OutputStreamCompressor.writeOut(StreamCompressor.java:306) ~[commons-compress-1.21.jar:1.21]
	at org.apache.commons.compress.archivers.zip.StreamCompressor.writeCounted(StreamCompressor.java:273) ~[commons-compress-1.21.jar:1.21]
	at org.apache.commons.compress.archivers.zip.StreamCompressor.writeCounted(StreamCompressor.java:269) ~[commons-compress-1.21.jar:1.21]
	at org.apache.commons.compress.archivers.zip.ZipArchiveOutputStream.writeCounted(ZipArchiveOutputStream.java:1060) ~[commons-compress-1.21.jar:1.21]
	at org.apache.commons.compress.archivers.zip.ZipArchiveOutputStream.writeLocalFileHeader(ZipArchiveOutputStream.java:1175) ~[commons-compress-1.21.jar:1.21]
	at org.apache.commons.compress.archivers.zip.ZipArchiveOutputStream.putArchiveEntry(ZipArchiveOutputStream.java:881) ~[commons-compress-1.21.jar:1.21]
	at org.apache.commons.compress.archivers.zip.ZipArchiveOutputStream.putArchiveEntry(ZipArchiveOutputStream.java:821) ~[commons-compress-1.21.jar:1.21]
	at org.apache.poi.openxml4j.opc.internal.ZipContentTypeManager.saveImpl(ZipContentTypeManager.java:65) ~[poi-ooxml-5.2.3.jar:5.2.3]
	at org.apache.poi.openxml4j.opc.internal.ContentTypeManager.save(ContentTypeManager.java:450) ~[poi-ooxml-5.2.3.jar:5.2.3]
	at org.apache.poi.openxml4j.opc.ZipPackage.saveImpl(ZipPackage.java:563) ~[poi-ooxml-5.2.3.jar:5.2.3]
	at org.apache.poi.openxml4j.opc.OPCPackage.save(OPCPackage.java:1496) ~[poi-ooxml-5.2.3.jar:5.2.3]
	at org.apache.poi.ooxml.POIXMLDocument.write(POIXMLDocument.java:227) ~[poi-ooxml-5.2.3.jar:5.2.3]
	at utilities.ExcelUtility.fillRedColor(ExcelUtility.java:147) ~[classes/:?]
	at testBase.BaseClass.fillExcelSheet(BaseClass.java:106) ~[classes/:?]
	at testBase.CopyWorkItems.createBug(CopyWorkItems.java:50) ~[classes/:?]
	at jdk.internal.reflect.NativeMethodAccessorImpl.invoke0(Native Method) ~[?:?]
	at jdk.internal.reflect.NativeMethodAccessorImpl.invoke(NativeMethodAccessorImpl.java:77) ~[?:?]
	at jdk.internal.reflect.DelegatingMethodAccessorImpl.invoke(DelegatingMethodAccessorImpl.java:43) ~[?:?]
	at java.lang.reflect.Method.invoke(Method.java:568) ~[?:?]
	at org.testng.internal.MethodInvocationHelper.invokeMethod(MethodInvocationHelper.java:133) ~[org.testng_7.4.0.r202105021533.jar:7.4.0]
	at org.testng.internal.TestInvoker.invokeMethod(TestInvoker.java:598) ~[org.testng_7.4.0.r202105021533.jar:7.4.0]
	at org.testng.internal.TestInvoker.invokeTestMethod(TestInvoker.java:173) ~[org.testng_7.4.0.r202105021533.jar:7.4.0]
	at org.testng.internal.MethodRunner.runInSequence(MethodRunner.java:46) ~[org.testng_7.4.0.r202105021533.jar:7.4.0]
	at org.testng.internal.TestInvoker$MethodInvocationAgent.invoke(TestInvoker.java:824) ~[org.testng_7.4.0.r202105021533.jar:7.4.0]
	at org.testng.internal.TestInvoker.invokeTestMethods(TestInvoker.java:146) ~[org.testng_7.4.0.r202105021533.jar:7.4.0]
	at org.testng.internal.TestMethodWorker.invokeTestMethods(TestMethodWorker.java:146) ~[org.testng_7.4.0.r202105021533.jar:7.4.0]
	at org.testng.internal.TestMethodWorker.run(TestMethodWorker.java:128) ~[org.testng_7.4.0.r202105021533.jar:7.4.0]
	at java.util.ArrayList.forEach(ArrayList.java:1511) [?:?]
	at org.testng.TestRunner.privateRun(TestRunner.java:794) [org.testng_7.4.0.r202105021533.jar:7.4.0]
	at org.testng.TestRunner.run(TestRunner.java:596) [org.testng_7.4.0.r202105021533.jar:7.4.0]
	at org.testng.SuiteRunner.runTest(SuiteRunner.java:377) [org.testng_7.4.0.r202105021533.jar:7.4.0]
	at org.testng.SuiteRunner.runSequentially(SuiteRunner.java:371) [org.testng_7.4.0.r202105021533.jar:7.4.0]
	at org.testng.SuiteRunner.privateRun(SuiteRunner.java:332) [org.testng_7.4.0.r202105021533.jar:7.4.0]
	at org.testng.SuiteRunner.run(SuiteRunner.java:276) [org.testng_7.4.0.r202105021533.jar:7.4.0]
	at org.testng.SuiteRunnerWorker.runSuite(SuiteRunnerWorker.java:53) [org.testng_7.4.0.r202105021533.jar:7.4.0]
	at org.testng.SuiteRunnerWorker.run(SuiteRunnerWorker.java:96) [org.testng_7.4.0.r202105021533.jar:7.4.0]
	at org.testng.TestNG.runSuitesSequentially(TestNG.java:1212) [org.testng_7.4.0.r202105021533.jar:7.4.0]
	at org.testng.TestNG.runSuitesLocally(TestNG.java:1134) [org.testng_7.4.0.r202105021533.jar:7.4.0]
	at org.testng.TestNG.runSuites(TestNG.java:1063) [org.testng_7.4.0.r202105021533.jar:7.4.0]
	at org.testng.TestNG.run(TestNG.java:1031) [org.testng_7.4.0.r202105021533.jar:7.4.0]
	at org.testng.remote.AbstractRemoteTestNG.run(AbstractRemoteTestNG.java:115) [testng-remote.jar:?]
	at org.testng.remote.RemoteTestNG.initAndRun(RemoteTestNG.java:251) [testng-remote.jar:?]
	at org.testng.remote.RemoteTestNG.main(RemoteTestNG.java:77) [testng-remote.jar:?]
15:12:39.470 [main] ERROR org.apache.poi.openxml4j.opc.internal.marshallers.ZipPartMarshaller - Cannot create zip entry /_rels/.rels
java.io.IOException: Stream Closed
	at java.io.FileOutputStream.writeBytes(Native Method) ~[?:?]
	at java.io.FileOutputStream.write(FileOutputStream.java:349) ~[?:?]
	at org.apache.commons.compress.archivers.zip.StreamCompressor$OutputStreamCompressor.writeOut(StreamCompressor.java:306) ~[commons-compress-1.21.jar:1.21]
	at org.apache.commons.compress.archivers.zip.StreamCompressor.writeCounted(StreamCompressor.java:273) ~[commons-compress-1.21.jar:1.21]
	at org.apache.commons.compress.archivers.zip.StreamCompressor.deflate(StreamCompressor.java:264) ~[commons-compress-1.21.jar:1.21]
	at org.apache.commons.compress.archivers.zip.StreamCompressor.flushDeflater(StreamCompressor.java:229) ~[commons-compress-1.21.jar:1.21]
	at org.apache.commons.compress.archivers.zip.ZipArchiveOutputStream.flushDeflater(ZipArchiveOutputStream.java:690) ~[commons-compress-1.21.jar:1.21]
	at org.apache.commons.compress.archivers.zip.ZipArchiveOutputStream.closeArchiveEntry(ZipArchiveOutputStream.java:601) ~[commons-compress-1.21.jar:1.21]
	at org.apache.commons.compress.archivers.zip.ZipArchiveOutputStream.putArchiveEntry(ZipArchiveOutputStream.java:842) ~[commons-compress-1.21.jar:1.21]
	at org.apache.commons.compress.archivers.zip.ZipArchiveOutputStream.putArchiveEntry(ZipArchiveOutputStream.java:821) ~[commons-compress-1.21.jar:1.21]
	at org.apache.poi.openxml4j.opc.internal.marshallers.ZipPartMarshaller.marshallRelationshipPart(ZipPartMarshaller.java:181) ~[poi-ooxml-5.2.3.jar:5.2.3]
	at org.apache.poi.openxml4j.opc.ZipPackage.saveImpl(ZipPackage.java:567) ~[poi-ooxml-5.2.3.jar:5.2.3]
	at org.apache.poi.openxml4j.opc.OPCPackage.save(OPCPackage.java:1496) ~[poi-ooxml-5.2.3.jar:5.2.3]
	at org.apache.poi.ooxml.POIXMLDocument.write(POIXMLDocument.java:227) ~[poi-ooxml-5.2.3.jar:5.2.3]
	at utilities.ExcelUtility.fillRedColor(ExcelUtility.java:147) ~[classes/:?]
	at testBase.BaseClass.fillExcelSheet(BaseClass.java:106) ~[classes/:?]
	at testBase.CopyWorkItems.createBug(CopyWorkItems.java:50) ~[classes/:?]
	at jdk.internal.reflect.NativeMethodAccessorImpl.invoke0(Native Method) ~[?:?]
	at jdk.internal.reflect.NativeMethodAccessorImpl.invoke(NativeMethodAccessorImpl.java:77) ~[?:?]
	at jdk.internal.reflect.DelegatingMethodAccessorImpl.invoke(DelegatingMethodAccessorImpl.java:43) ~[?:?]
	at java.lang.reflect.Method.invoke(Method.java:568) ~[?:?]
	at org.testng.internal.MethodInvocationHelper.invokeMethod(MethodInvocationHelper.java:133) ~[org.testng_7.4.0.r202105021533.jar:7.4.0]
	at org.testng.internal.TestInvoker.invokeMethod(TestInvoker.java:598) ~[org.testng_7.4.0.r202105021533.jar:7.4.0]
	at org.testng.internal.TestInvoker.invokeTestMethod(TestInvoker.java:173) ~[org.testng_7.4.0.r202105021533.jar:7.4.0]
	at org.testng.internal.MethodRunner.runInSequence(MethodRunner.java:46) ~[org.testng_7.4.0.r202105021533.jar:7.4.0]
	at org.testng.internal.TestInvoker$MethodInvocationAgent.invoke(TestInvoker.java:824) ~[org.testng_7.4.0.r202105021533.jar:7.4.0]
	at org.testng.internal.TestInvoker.invokeTestMethods(TestInvoker.java:146) ~[org.testng_7.4.0.r202105021533.jar:7.4.0]
	at org.testng.internal.TestMethodWorker.invokeTestMethods(TestMethodWorker.java:146) ~[org.testng_7.4.0.r202105021533.jar:7.4.0]
	at org.testng.internal.TestMethodWorker.run(TestMethodWorker.java:128) ~[org.testng_7.4.0.r202105021533.jar:7.4.0]
	at java.util.ArrayList.forEach(ArrayList.java:1511) [?:?]
	at org.testng.TestRunner.privateRun(TestRunner.java:794) [org.testng_7.4.0.r202105021533.jar:7.4.0]
	at org.testng.TestRunner.run(TestRunner.java:596) [org.testng_7.4.0.r202105021533.jar:7.4.0]
	at org.testng.SuiteRunner.runTest(SuiteRunner.java:377) [org.testng_7.4.0.r202105021533.jar:7.4.0]
	at org.testng.SuiteRunner.runSequentially(SuiteRunner.java:371) [org.testng_7.4.0.r202105021533.jar:7.4.0]
	at org.testng.SuiteRunner.privateRun(SuiteRunner.java:332) [org.testng_7.4.0.r202105021533.jar:7.4.0]
	at org.testng.SuiteRunner.run(SuiteRunner.java:276) [org.testng_7.4.0.r202105021533.jar:7.4.0]
	at org.testng.SuiteRunnerWorker.runSuite(SuiteRunnerWorker.java:53) [org.testng_7.4.0.r202105021533.jar:7.4.0]
	at org.testng.SuiteRunnerWorker.run(SuiteRunnerWorker.java:96) [org.testng_7.4.0.r202105021533.jar:7.4.0]
	at org.testng.TestNG.runSuitesSequentially(TestNG.java:1212) [org.testng_7.4.0.r202105021533.jar:7.4.0]
	at org.testng.TestNG.runSuitesLocally(TestNG.java:1134) [org.testng_7.4.0.r202105021533.jar:7.4.0]
	at org.testng.TestNG.runSuites(TestNG.java:1063) [org.testng_7.4.0.r202105021533.jar:7.4.0]
	at org.testng.TestNG.run(TestNG.java:1031) [org.testng_7.4.0.r202105021533.jar:7.4.0]
	at org.testng.remote.AbstractRemoteTestNG.run(AbstractRemoteTestNG.java:115) [testng-remote.jar:?]
	at org.testng.remote.RemoteTestNG.initAndRun(RemoteTestNG.java:251) [testng-remote.jar:?]
	at org.testng.remote.RemoteTestNG.main(RemoteTestNG.java:77) [testng-remote.jar:?]
15:12:39.510 [main] ERROR org.apache.poi.openxml4j.opc.internal.marshallers.ZipPartMarshaller - Cannot write: /docProps/app.xml: in ZIP
java.io.IOException: Stream Closed
	at java.io.FileOutputStream.writeBytes(Native Method) ~[?:?]
	at java.io.FileOutputStream.write(FileOutputStream.java:349) ~[?:?]
	at org.apache.commons.compress.archivers.zip.StreamCompressor$OutputStreamCompressor.writeOut(StreamCompressor.java:306) ~[commons-compress-1.21.jar:1.21]
	at org.apache.commons.compress.archivers.zip.StreamCompressor.writeCounted(StreamCompressor.java:273) ~[commons-compress-1.21.jar:1.21]
	at org.apache.commons.compress.archivers.zip.StreamCompressor.writeCounted(StreamCompressor.java:269) ~[commons-compress-1.21.jar:1.21]
	at org.apache.commons.compress.archivers.zip.ZipArchiveOutputStream.writeCounted(ZipArchiveOutputStream.java:1060) ~[commons-compress-1.21.jar:1.21]
	at org.apache.commons.compress.archivers.zip.ZipArchiveOutputStream.writeDataDescriptor(ZipArchiveOutputStream.java:1312) ~[commons-compress-1.21.jar:1.21]
	at org.apache.commons.compress.archivers.zip.ZipArchiveOutputStream.closeEntry(ZipArchiveOutputStream.java:636) ~[commons-compress-1.21.jar:1.21]
	at org.apache.commons.compress.archivers.zip.ZipArchiveOutputStream.closeArchiveEntry(ZipArchiveOutputStream.java:608) ~[commons-compress-1.21.jar:1.21]
	at org.apache.commons.compress.archivers.zip.ZipArchiveOutputStream.putArchiveEntry(ZipArchiveOutputStream.java:842) ~[commons-compress-1.21.jar:1.21]
	at org.apache.commons.compress.archivers.zip.ZipArchiveOutputStream.putArchiveEntry(ZipArchiveOutputStream.java:821) ~[commons-compress-1.21.jar:1.21]
	at org.apache.poi.openxml4j.opc.internal.marshallers.ZipPartMarshaller.marshall(ZipPartMarshaller.java:85) ~[poi-ooxml-5.2.3.jar:5.2.3]
	at org.apache.poi.openxml4j.opc.internal.MemoryPackagePart.save(MemoryPackagePart.java:111) ~[poi-ooxml-5.2.3.jar:5.2.3]
	at org.apache.poi.openxml4j.opc.internal.marshallers.DefaultMarshaller.marshall(DefaultMarshaller.java:46) ~[poi-ooxml-5.2.3.jar:5.2.3]
	at org.apache.poi.openxml4j.opc.ZipPackage.saveImpl(ZipPackage.java:584) ~[poi-ooxml-5.2.3.jar:5.2.3]
	at org.apache.poi.openxml4j.opc.OPCPackage.save(OPCPackage.java:1496) ~[poi-ooxml-5.2.3.jar:5.2.3]
	at org.apache.poi.ooxml.POIXMLDocument.write(POIXMLDocument.java:227) ~[poi-ooxml-5.2.3.jar:5.2.3]
	at utilities.ExcelUtility.fillRedColor(ExcelUtility.java:147) ~[classes/:?]
	at testBase.BaseClass.fillExcelSheet(BaseClass.java:106) ~[classes/:?]
	at testBase.CopyWorkItems.createBug(CopyWorkItems.java:50) ~[classes/:?]
	at jdk.internal.reflect.NativeMethodAccessorImpl.invoke0(Native Method) ~[?:?]
	at jdk.internal.reflect.NativeMethodAccessorImpl.invoke(NativeMethodAccessorImpl.java:77) ~[?:?]
	at jdk.internal.reflect.DelegatingMethodAccessorImpl.invoke(DelegatingMethodAccessorImpl.java:43) ~[?:?]
	at java.lang.reflect.Method.invoke(Method.java:568) ~[?:?]
	at org.testng.internal.MethodInvocationHelper.invokeMethod(MethodInvocationHelper.java:133) ~[org.testng_7.4.0.r202105021533.jar:7.4.0]
	at org.testng.internal.TestInvoker.invokeMethod(TestInvoker.java:598) ~[org.testng_7.4.0.r202105021533.jar:7.4.0]
	at org.testng.internal.TestInvoker.invokeTestMethod(TestInvoker.java:173) ~[org.testng_7.4.0.r202105021533.jar:7.4.0]
	at org.testng.internal.MethodRunner.runInSequence(MethodRunner.java:46) ~[org.testng_7.4.0.r202105021533.jar:7.4.0]
	at org.testng.internal.TestInvoker$MethodInvocationAgent.invoke(TestInvoker.java:824) ~[org.testng_7.4.0.r202105021533.jar:7.4.0]
	at org.testng.internal.TestInvoker.invokeTestMethods(TestInvoker.java:146) ~[org.testng_7.4.0.r202105021533.jar:7.4.0]
	at org.testng.internal.TestMethodWorker.invokeTestMethods(TestMethodWorker.java:146) ~[org.testng_7.4.0.r202105021533.jar:7.4.0]
	at org.testng.internal.TestMethodWorker.run(TestMethodWorker.java:128) ~[org.testng_7.4.0.r202105021533.jar:7.4.0]
	at java.util.ArrayList.forEach(ArrayList.java:1511) [?:?]
	at org.testng.TestRunner.privateRun(TestRunner.java:794) [org.testng_7.4.0.r202105021533.jar:7.4.0]
	at org.testng.TestRunner.run(TestRunner.java:596) [org.testng_7.4.0.r202105021533.jar:7.4.0]
	at org.testng.SuiteRunner.runTest(SuiteRunner.java:377) [org.testng_7.4.0.r202105021533.jar:7.4.0]
	at org.testng.SuiteRunner.runSequentially(SuiteRunner.java:371) [org.testng_7.4.0.r202105021533.jar:7.4.0]
	at org.testng.SuiteRunner.privateRun(SuiteRunner.java:332) [org.testng_7.4.0.r202105021533.jar:7.4.0]
	at org.testng.SuiteRunner.run(SuiteRunner.java:276) [org.testng_7.4.0.r202105021533.jar:7.4.0]
	at org.testng.SuiteRunnerWorker.runSuite(SuiteRunnerWorker.java:53) [org.testng_7.4.0.r202105021533.jar:7.4.0]
	at org.testng.SuiteRunnerWorker.run(SuiteRunnerWorker.java:96) [org.testng_7.4.0.r202105021533.jar:7.4.0]
	at org.testng.TestNG.runSuitesSequentially(TestNG.java:1212) [org.testng_7.4.0.r202105021533.jar:7.4.0]
	at org.testng.TestNG.runSuitesLocally(TestNG.java:1134) [org.testng_7.4.0.r202105021533.jar:7.4.0]
	at org.testng.TestNG.runSuites(TestNG.java:1063) [org.testng_7.4.0.r202105021533.jar:7.4.0]
	at org.testng.TestNG.run(TestNG.java:1031) [org.testng_7.4.0.r202105021533.jar:7.4.0]
	at org.testng.remote.AbstractRemoteTestNG.run(AbstractRemoteTestNG.java:115) [testng-remote.jar:?]
	at org.testng.remote.RemoteTestNG.initAndRun(RemoteTestNG.java:251) [testng-remote.jar:?]
	at org.testng.remote.RemoteTestNG.main(RemoteTestNG.java:77) [testng-remote.jar:?]
